<?xml version="1.0" encoding="UTF-8"?>
<!-- Generated by org.testng.reporters.JUnitReportReporter -->
<testsuite hostname="Windows-10" failures="0" tests="1" name="testcases.HomePageTest" time="3.653" errors="0" timestamp="2023-04-10T11:38:37 BDT" skipped="0">
  <testcase classname="testcases.HomePageTest" name="TestHomePageTitle" time="3.653"/>
  <system-out/>
</testsuite> <!-- testcases.HomePageTest -->
